{"level":"INFO","time":"2022-05-10T17:04:09.070+0800","caller":"logger/logger.go:76","msg":"/21","status":404,"method":"GET","path":"/21","query":"","ip":"::1","user-agent":"Mozilla/5.0 (Windows NT 10.0; Win64; x64) AppleWebKit/537.36 (KHTML, like Gecko) Chrome/100.0.4896.127 Safari/537.36","errors":"","cost":0}
{"level":"INFO","time":"2022-05-10T17:04:25.277+0800","caller":"logger/logger.go:76","msg":"/","status":200,"method":"GET","path":"/","query":"","ip":"::1","user-agent":"Mozilla/5.0 (Windows NT 10.0; Win64; x64) AppleWebKit/537.36 (KHTML, like Gecko) Chrome/100.0.4896.127 Safari/537.36","errors":"","cost":0.0003802}
{"level":"INFO","time":"2022-05-10T17:05:07.427+0800","caller":"bluebell/main.go:71","msg":"Shutdown Server ..."}
{"level":"ERROR","time":"2022-05-11T18:58:23.757+0800","caller":"controllers/user.go:24","msg":"SignUp with invalid param","error":"invalid character '\"' after object key:value pair"}
{"level":"INFO","time":"2022-05-11T18:58:23.757+0800","caller":"logger/logger.go:76","msg":"/signup","status":200,"method":"POST","path":"/signup","query":"","ip":"::1","user-agent":"apifox/1.4.21 (https://www.apifox.cn)","errors":"","cost":0.0003549}
{"level":"ERROR","time":"2022-05-11T18:59:48.481+0800","caller":"controllers/user.go:24","msg":"SignUp with invalid param","error":"invalid character '\"' after object key:value pair"}
{"level":"INFO","time":"2022-05-11T18:59:48.482+0800","caller":"logger/logger.go:76","msg":"/signup","status":200,"method":"POST","path":"/signup","query":"","ip":"::1","user-agent":"apifox/1.4.21 (https://www.apifox.cn)","errors":"","cost":0.00093}
{"level":"ERROR","time":"2022-05-11T20:14:29.331+0800","caller":"controllers/user.go:24","msg":"SignUp with invalid param","error":"invalid character '\"' after object key:value pair"}
{"level":"INFO","time":"2022-05-11T20:14:29.331+0800","caller":"logger/logger.go:76","msg":"/signup","status":200,"method":"POST","path":"/signup","query":"","ip":"::1","user-agent":"apifox/1.4.21 (https://www.apifox.cn)","errors":"","cost":0.0004454}
{"level":"INFO","time":"2022-05-11T20:15:43.439+0800","caller":"bluebell/main.go:83","msg":"Shutdown Server ..."}
{"level":"ERROR","time":"2022-05-11T20:15:58.713+0800","caller":"controllers/user.go:24","msg":"SignUp with invalid param","error":"invalid character '\"' after object key:value pair"}
{"level":"INFO","time":"2022-05-11T20:15:58.713+0800","caller":"logger/logger.go:76","msg":"/signup","status":200,"method":"POST","path":"/signup","query":"","ip":"::1","user-agent":"apifox/1.4.21 (https://www.apifox.cn)","errors":"","cost":0.0010842}
{"level":"INFO","time":"2022-05-11T20:21:50.403+0800","caller":"bluebell/main.go:83","msg":"Shutdown Server ..."}
{"level":"ERROR","time":"2022-05-11T20:22:05.058+0800","caller":"controllers/user.go:24","msg":"SignUp with invalid param","error":"invalid character '\"' after object key:value pair"}
{"level":"INFO","time":"2022-05-11T20:22:05.059+0800","caller":"logger/logger.go:76","msg":"/signup","status":200,"method":"POST","path":"/signup","query":"","ip":"::1","user-agent":"apifox/1.4.21 (https://www.apifox.cn)","errors":"","cost":0.001094}
{"level":"ERROR","time":"2022-05-11T20:22:17.361+0800","caller":"controllers/user.go:24","msg":"SignUp with invalid param","error":"invalid character '\"' after object key:value pair"}
{"level":"INFO","time":"2022-05-11T20:22:17.361+0800","caller":"logger/logger.go:76","msg":"/signup","status":200,"method":"POST","path":"/signup","query":"","ip":"::1","user-agent":"apifox/1.4.21 (https://www.apifox.cn)","errors":"","cost":0.0000844}
{"level":"INFO","time":"2022-05-11T20:24:43.937+0800","caller":"bluebell/main.go:83","msg":"Shutdown Server ..."}
{"level":"ERROR","time":"2022-05-11T20:25:02.430+0800","caller":"controllers/user.go:24","msg":"SignUp with invalid param","error":"invalid character '\"' after object key:value pair"}
{"level":"INFO","time":"2022-05-11T20:25:02.431+0800","caller":"logger/logger.go:76","msg":"/signup","status":200,"method":"POST","path":"/signup","query":"","ip":"::1","user-agent":"apifox/1.4.21 (https://www.apifox.cn)","errors":"","cost":0.0011049}
{"level":"ERROR","time":"2022-05-11T20:30:55.547+0800","caller":"controllers/user.go:24","msg":"SignUp with invalid param","error":"invalid character '}' looking for beginning of object key string"}
{"level":"INFO","time":"2022-05-11T20:30:55.547+0800","caller":"logger/logger.go:76","msg":"/signup","status":200,"method":"POST","path":"/signup","query":"","ip":"::1","user-agent":"apifox/1.4.21 (https://www.apifox.cn)","errors":"","cost":0}
{"level":"INFO","time":"2022-05-11T20:30:59.962+0800","caller":"logger/logger.go:76","msg":"/signup","status":200,"method":"POST","path":"/signup","query":"","ip":"::1","user-agent":"apifox/1.4.21 (https://www.apifox.cn)","errors":"","cost":0.0136912}
{"level":"INFO","time":"2022-05-11T20:31:02.364+0800","caller":"logger/logger.go:76","msg":"/signup","status":200,"method":"POST","path":"/signup","query":"","ip":"::1","user-agent":"apifox/1.4.21 (https://www.apifox.cn)","errors":"","cost":0}
{"level":"ERROR","time":"2022-05-11T20:36:30.158+0800","caller":"controllers/user.go:24","msg":"SignUp with invalid param","error":"Key: 'ParamSignUp.re_password' Error:Field validation for 're_password' failed on the 'eqfield' tag\nKey: 'ParamSignUp.re_password' Error:Field validation for 're_password' failed on the 'eqfield' tag"}
{"level":"INFO","time":"2022-05-11T20:36:30.158+0800","caller":"logger/logger.go:76","msg":"/signup","status":200,"method":"POST","path":"/signup","query":"","ip":"::1","user-agent":"apifox/1.4.21 (https://www.apifox.cn)","errors":"","cost":0.0009558}
{"level":"INFO","time":"2022-05-11T20:36:35.559+0800","caller":"logger/logger.go:76","msg":"/signup","status":200,"method":"POST","path":"/signup","query":"","ip":"::1","user-agent":"apifox/1.4.21 (https://www.apifox.cn)","errors":"","cost":0.0003005}
{"level":"INFO","time":"2022-05-11T20:38:09.234+0800","caller":"bluebell/main.go:83","msg":"Shutdown Server ..."}
{"level":"INFO","time":"2022-05-11T20:38:20.325+0800","caller":"logger/logger.go:76","msg":"/signup","status":200,"method":"POST","path":"/signup","query":"","ip":"::1","user-agent":"apifox/1.4.21 (https://www.apifox.cn)","errors":"","cost":0.0005146}
{"level":"INFO","time":"2022-05-11T20:41:44.472+0800","caller":"bluebell/main.go:83","msg":"Shutdown Server ..."}
{"level":"INFO","time":"2022-05-11T20:44:22.798+0800","caller":"logger/logger.go:76","msg":"/signup","status":200,"method":"POST","path":"/signup","query":"","ip":"::1","user-agent":"apifox/1.4.21 (https://www.apifox.cn)","errors":"","cost":0.0127622}
{"level":"INFO","time":"2022-05-11T20:45:36.384+0800","caller":"bluebell/main.go:83","msg":"Shutdown Server ..."}
{"level":"INFO","time":"2022-05-11T20:50:04.384+0800","caller":"logger/logger.go:76","msg":"/signup","status":200,"method":"POST","path":"/signup","query":"","ip":"::1","user-agent":"apifox/1.4.21 (https://www.apifox.cn)","errors":"","cost":0.0029955}
{"level":"INFO","time":"2022-05-11T20:50:12.117+0800","caller":"bluebell/main.go:83","msg":"Shutdown Server ..."}
{"level":"INFO","time":"2022-05-12T14:32:02.286+0800","caller":"logger/logger.go:76","msg":"/signup","status":200,"method":"POST","path":"/signup","query":"","ip":"::1","user-agent":"apifox/1.4.21 (https://www.apifox.cn)","errors":"","cost":0.0164878}
{"level":"INFO","time":"2022-05-12T15:18:45.069+0800","caller":"bluebell/main.go:83","msg":"Shutdown Server ..."}
{"level":"ERROR","time":"2022-05-12T16:41:43.552+0800","caller":"controllers/user.go:74","msg":"Login with invalid param","error":"invalid character '}' looking for beginning of object key string"}
{"level":"INFO","time":"2022-05-12T16:41:43.553+0800","caller":"logger/logger.go:87","msg":"/login","status":200,"method":"POST","path":"/login","query":"","ip":"::1","user-agent":"apifox/1.4.21 (https://www.apifox.cn)","errors":"","cost":0.0010249}
{"level":"INFO","time":"2022-05-12T16:43:23.833+0800","caller":"logger/logger.go:87","msg":"/login","status":200,"method":"POST","path":"/login","query":"","ip":"::1","user-agent":"apifox/1.4.21 (https://www.apifox.cn)","errors":"","cost":0.0131138}
{"level":"INFO","time":"2022-05-12T16:43:30.115+0800","caller":"bluebell/main.go:83","msg":"Shutdown Server ..."}
{"level":"INFO","time":"2022-05-21T16:16:21.834+0800","caller":"logger/logger.go:87","msg":"/community","status":404,"method":"GET","path":"/community","query":"","ip":"::1","user-agent":"apifox/1.4.21 (https://www.apifox.cn)","errors":"","cost":0.0005817}
{"level":"INFO","time":"2022-05-21T16:17:01.557+0800","caller":"logger/logger.go:87","msg":"/community","status":404,"method":"GET","path":"/community","query":"","ip":"::1","user-agent":"apifox/1.4.21 (https://www.apifox.cn)","errors":"","cost":0}
{"level":"INFO","time":"2022-05-21T16:24:35.334+0800","caller":"logger/logger.go:87","msg":"/api/v1","status":404,"method":"POST","path":"/api/v1","query":"","ip":"::1","user-agent":"apifox/1.4.21 (https://www.apifox.cn)","errors":"","cost":0}
{"level":"ERROR","time":"2022-05-21T16:25:01.346+0800","caller":"controllers/user.go:128","msg":"logic.Login falied","username":"xxh","error":"用户名或密码错误"}
{"level":"ERROR","time":"2022-05-21T16:25:01.347+0800","caller":"logger/logger.go:129","msg":"[Recovery from panic]","error":"runtime error: invalid memory address or nil pointer dereference","request":"POST /api/v1/login HTTP/1.1\r\nHost: localhost:8087\r\nAccept: */*\r\nAccept-Encoding: gzip, deflate, br\r\nConnection: keep-alive\r\nContent-Length: 51\r\nContent-Type: application/json\r\nUser-Agent: apifox/1.4.21 (https://www.apifox.cn)\r\n\r\n","stack":"goroutine 38 [running]:\nruntime/debug.Stack()\n\tD:/Go/src/runtime/debug/stack.go:24 +0x65\nbluebell/logger.GinRecovery.func1.1()\n\tC:/Users/Administrator/Desktop/bluebell/logger/logger.go:132 +0x2e6\npanic({0xf41b20, 0x1536100})\n\tD:/Go/src/runtime/panic.go:1038 +0x215\nbluebell/controllers.LoginHandler(0xc0003f8100)\n\tC:/Users/Administrator/Desktop/bluebell/controllers/user.go:142 +0x71e\ngithub.com/gin-gonic/gin.(*Context).Next(...)\n\tD:/goproject/pkg/mod/github.com/gin-gonic/gin@v1.7.7/context.go:168\nbluebell/logger.GinRecovery.func1(0xc0003f8100)\n\tC:/Users/Administrator/Desktop/bluebell/logger/logger.go:143 +0x76\ngithub.com/gin-gonic/gin.(*Context).Next(...)\n\tD:/goproject/pkg/mod/github.com/gin-gonic/gin@v1.7.7/context.go:168\nbluebell/logger.GinLogger.func1(0xc0003f8100)\n\tC:/Users/Administrator/Desktop/bluebell/logger/logger.go:84 +0x97\ngithub.com/gin-gonic/gin.(*Context).Next(...)\n\tD:/goproject/pkg/mod/github.com/gin-gonic/gin@v1.7.7/context.go:168\ngithub.com/gin-gonic/gin.(*Engine).handleHTTPRequest(0xc000392820, 0xc0003f8100)\n\tD:/goproject/pkg/mod/github.com/gin-gonic/gin@v1.7.7/gin.go:555 +0x671\ngithub.com/gin-gonic/gin.(*Engine).ServeHTTP(0xc000392820, {0x10dcd78, 0xc0003e6460}, 0xc0003f8400)\n\tD:/goproject/pkg/mod/github.com/gin-gonic/gin@v1.7.7/gin.go:511 +0x1d2\nnet/http.serverHandler.ServeHTTP({0x10db850}, {0x10dcd78, 0xc0003e6460}, 0xc0003f8400)\n\tD:/Go/src/net/http/server.go:2878 +0x43b\nnet/http.(*conn).serve(0xc0003380a0, {0x10e2000, 0xc0002b2330})\n\tD:/Go/src/net/http/server.go:1929 +0xb08\ncreated by net/http.(*Server).Serve\n\tD:/Go/src/net/http/server.go:3033 +0x4e8\n"}
{"level":"INFO","time":"2022-05-21T16:25:01.349+0800","caller":"logger/logger.go:87","msg":"/api/v1/login","status":500,"method":"POST","path":"/api/v1/login","query":"","ip":"::1","user-agent":"apifox/1.4.21 (https://www.apifox.cn)","errors":"","cost":0.0200328}
{"level":"ERROR","time":"2022-05-21T16:25:20.568+0800","caller":"controllers/user.go:128","msg":"logic.Login falied","username":"xxh","error":"用户名或密码错误"}
{"level":"ERROR","time":"2022-05-21T16:25:20.570+0800","caller":"logger/logger.go:129","msg":"[Recovery from panic]","error":"runtime error: invalid memory address or nil pointer dereference","request":"POST /api/v1/login HTTP/1.1\r\nHost: localhost:8087\r\nAccept: */*\r\nAccept-Encoding: gzip, deflate, br\r\nConnection: keep-alive\r\nContent-Length: 52\r\nContent-Type: application/json\r\nUser-Agent: apifox/1.4.21 (https://www.apifox.cn)\r\n\r\n","stack":"goroutine 38 [running]:\nruntime/debug.Stack()\n\tD:/Go/src/runtime/debug/stack.go:24 +0x65\nbluebell/logger.GinRecovery.func1.1()\n\tC:/Users/Administrator/Desktop/bluebell/logger/logger.go:132 +0x2e6\npanic({0xf41b20, 0x1536100})\n\tD:/Go/src/runtime/panic.go:1038 +0x215\nbluebell/controllers.LoginHandler(0xc000348300)\n\tC:/Users/Administrator/Desktop/bluebell/controllers/user.go:142 +0x71e\ngithub.com/gin-gonic/gin.(*Context).Next(...)\n\tD:/goproject/pkg/mod/github.com/gin-gonic/gin@v1.7.7/context.go:168\nbluebell/logger.GinRecovery.func1(0xc000348300)\n\tC:/Users/Administrator/Desktop/bluebell/logger/logger.go:143 +0x76\ngithub.com/gin-gonic/gin.(*Context).Next(...)\n\tD:/goproject/pkg/mod/github.com/gin-gonic/gin@v1.7.7/context.go:168\nbluebell/logger.GinLogger.func1(0xc000348300)\n\tC:/Users/Administrator/Desktop/bluebell/logger/logger.go:84 +0x97\ngithub.com/gin-gonic/gin.(*Context).Next(...)\n\tD:/goproject/pkg/mod/github.com/gin-gonic/gin@v1.7.7/context.go:168\ngithub.com/gin-gonic/gin.(*Engine).handleHTTPRequest(0xc000392820, 0xc000348300)\n\tD:/goproject/pkg/mod/github.com/gin-gonic/gin@v1.7.7/gin.go:555 +0x671\ngithub.com/gin-gonic/gin.(*Engine).ServeHTTP(0xc000392820, {0x10dcd78, 0xc000356000}, 0xc000348200)\n\tD:/goproject/pkg/mod/github.com/gin-gonic/gin@v1.7.7/gin.go:511 +0x1d2\nnet/http.serverHandler.ServeHTTP({0x10db850}, {0x10dcd78, 0xc000356000}, 0xc000348200)\n\tD:/Go/src/net/http/server.go:2878 +0x43b\nnet/http.(*conn).serve(0xc0003380a0, {0x10e2000, 0xc0002b2330})\n\tD:/Go/src/net/http/server.go:1929 +0xb08\ncreated by net/http.(*Server).Serve\n\tD:/Go/src/net/http/server.go:3033 +0x4e8\n"}
{"level":"INFO","time":"2022-05-21T16:25:20.573+0800","caller":"logger/logger.go:87","msg":"/api/v1/login","status":500,"method":"POST","path":"/api/v1/login","query":"","ip":"::1","user-agent":"apifox/1.4.21 (https://www.apifox.cn)","errors":"","cost":0.0057524}
{"level":"INFO","time":"2022-05-21T16:25:51.069+0800","caller":"logger/logger.go:87","msg":"/api/v1/login","status":200,"method":"POST","path":"/api/v1/login","query":"","ip":"::1","user-agent":"apifox/1.4.21 (https://www.apifox.cn)","errors":"","cost":0.0009719}
{"level":"INFO","time":"2022-05-21T16:26:54.469+0800","caller":"logger/logger.go:87","msg":"/api/v1/community","status":404,"method":"POST","path":"/api/v1/community","query":"","ip":"::1","user-agent":"apifox/1.4.21 (https://www.apifox.cn)","errors":"","cost":0}
{"level":"INFO","time":"2022-05-21T16:27:00.736+0800","caller":"logger/logger.go:87","msg":"/api/v1/community","status":200,"method":"GET","path":"/api/v1/community","query":"","ip":"::1","user-agent":"apifox/1.4.21 (https://www.apifox.cn)","errors":"","cost":0.0122959}
{"level":"INFO","time":"2022-05-21T16:30:42.565+0800","caller":"logger/logger.go:87","msg":"/api/v1/community","status":200,"method":"GET","path":"/api/v1/community","query":"","ip":"::1","user-agent":"apifox/1.4.21 (https://www.apifox.cn)","errors":"","cost":0.0010868}
{"level":"INFO","time":"2022-05-21T16:32:41.499+0800","caller":"bluebell/main.go:83","msg":"Shutdown Server ..."}
{"level":"INFO","time":"2022-05-21T16:32:56.536+0800","caller":"logger/logger.go:87","msg":"/api/v1/community","status":200,"method":"GET","path":"/api/v1/community","query":"","ip":"::1","user-agent":"apifox/1.4.21 (https://www.apifox.cn)","errors":"","cost":0.0010491}
{"level":"INFO","time":"2022-05-21T16:34:43.503+0800","caller":"logger/logger.go:87","msg":"/api/v1/community","status":200,"method":"GET","path":"/api/v1/community","query":"","ip":"::1","user-agent":"apifox/1.4.21 (https://www.apifox.cn)","errors":"","cost":0.0010243}
{"level":"INFO","time":"2022-05-21T16:37:57.600+0800","caller":"bluebell/main.go:83","msg":"Shutdown Server ..."}
{"level":"INFO","time":"2022-05-21T16:38:15.389+0800","caller":"logger/logger.go:87","msg":"/api/v1/community","status":200,"method":"GET","path":"/api/v1/community","query":"","ip":"::1","user-agent":"apifox/1.4.21 (https://www.apifox.cn)","errors":"","cost":0.0017942}
{"level":"INFO","time":"2022-05-21T16:39:20.763+0800","caller":"bluebell/main.go:83","msg":"Shutdown Server ..."}
{"level":"INFO","time":"2022-05-21T16:40:11.519+0800","caller":"logger/logger.go:87","msg":"/api/v1/community","status":200,"method":"GET","path":"/api/v1/community","query":"","ip":"::1","user-agent":"apifox/1.4.21 (https://www.apifox.cn)","errors":"","cost":0.0019857}
{"level":"INFO","time":"2022-05-21T16:45:35.201+0800","caller":"bluebell/main.go:83","msg":"Shutdown Server ..."}
{"level":"INFO","time":"2022-05-21T16:45:46.487+0800","caller":"logger/logger.go:87","msg":"/api/v1/community","status":200,"method":"GET","path":"/api/v1/community","query":"","ip":"::1","user-agent":"apifox/1.4.21 (https://www.apifox.cn)","errors":"","cost":0.001917}
{"level":"INFO","time":"2022-05-21T16:46:30.993+0800","caller":"bluebell/main.go:83","msg":"Shutdown Server ..."}
{"level":"INFO","time":"2022-05-21T16:46:42.975+0800","caller":"logger/logger.go:87","msg":"/api/v1/community","status":200,"method":"GET","path":"/api/v1/community","query":"","ip":"::1","user-agent":"apifox/1.4.21 (https://www.apifox.cn)","errors":"","cost":0.003}
{"level":"INFO","time":"2022-05-21T16:47:00.565+0800","caller":"bluebell/main.go:83","msg":"Shutdown Server ..."}
{"level":"INFO","time":"2022-05-21T16:47:12.126+0800","caller":"logger/logger.go:87","msg":"/api/v1/community","status":200,"method":"GET","path":"/api/v1/community","query":"","ip":"::1","user-agent":"apifox/1.4.21 (https://www.apifox.cn)","errors":"","cost":0.0020442}
{"level":"INFO","time":"2022-05-21T16:52:21.250+0800","caller":"logger/logger.go:87","msg":"/api/v1/post","status":200,"method":"POST","path":"/api/v1/post","query":"","ip":"::1","user-agent":"apifox/1.4.21 (https://www.apifox.cn)","errors":"","cost":0}
{"level":"INFO","time":"2022-05-21T16:53:14.588+0800","caller":"logger/logger.go:87","msg":"/login","status":404,"method":"POST","path":"/login","query":"","ip":"::1","user-agent":"apifox/1.4.21 (https://www.apifox.cn)","errors":"","cost":0}
{"level":"INFO","time":"2022-05-21T16:53:32.467+0800","caller":"logger/logger.go:87","msg":"/api/v1login","status":404,"method":"POST","path":"/api/v1login","query":"","ip":"::1","user-agent":"apifox/1.4.21 (https://www.apifox.cn)","errors":"","cost":0}
{"level":"ERROR","time":"2022-05-21T16:53:46.964+0800","caller":"controllers/user.go:105","msg":"Login with invalid param","error":"Key: 'ParamLogin.username' Error:Field validation for 'username' failed on the 'required' tag"}
{"level":"INFO","time":"2022-05-21T16:53:46.964+0800","caller":"logger/logger.go:87","msg":"/api/v1/login","status":200,"method":"POST","path":"/api/v1/login","query":"","ip":"::1","user-agent":"apifox/1.4.21 (https://www.apifox.cn)","errors":"","cost":0.0009594}
{"level":"INFO","time":"2022-05-21T16:53:56.312+0800","caller":"logger/logger.go:87","msg":"/api/v1/login","status":200,"method":"POST","path":"/api/v1/login","query":"","ip":"::1","user-agent":"apifox/1.4.21 (https://www.apifox.cn)","errors":"","cost":0.0009607}
{"level":"INFO","time":"2022-05-21T16:56:00.850+0800","caller":"logger/logger.go:87","msg":"/api/v1/post","status":200,"method":"POST","path":"/api/v1/post","query":"","ip":"::1","user-agent":"apifox/1.4.21 (https://www.apifox.cn)","errors":"","cost":0}
{"level":"INFO","time":"2022-05-21T16:57:29.307+0800","caller":"bluebell/main.go:83","msg":"Shutdown Server ..."}
{"level":"INFO","time":"2022-05-21T17:09:22.503+0800","caller":"logger/logger.go:87","msg":"/api/v1/login","status":200,"method":"POST","path":"/api/v1/login","query":"","ip":"::1","user-agent":"apifox/1.4.21 (https://www.apifox.cn)","errors":"","cost":0.0032087}
{"level":"INFO","time":"2022-05-21T17:11:50.090+0800","caller":"logger/logger.go:87","msg":"/api/v1/post","status":200,"method":"POST","path":"/api/v1/post","query":"","ip":"::1","user-agent":"apifox/1.4.21 (https://www.apifox.cn)","errors":"","cost":0}
{"level":"INFO","time":"2022-05-21T17:13:12.373+0800","caller":"logger/logger.go:87","msg":"/api/v1/post","status":200,"method":"POST","path":"/api/v1/post","query":"","ip":"::1","user-agent":"apifox/1.4.21 (https://www.apifox.cn)","errors":"","cost":0}
{"level":"INFO","time":"2022-05-21T17:14:21.257+0800","caller":"logger/logger.go:87","msg":"/api/v1/community","status":200,"method":"GET","path":"/api/v1/community","query":"","ip":"::1","user-agent":"apifox/1.4.21 (https://www.apifox.cn)","errors":"","cost":0}
{"level":"INFO","time":"2022-05-21T17:14:32.628+0800","caller":"logger/logger.go:87","msg":"/api/v1/community","status":200,"method":"GET","path":"/api/v1/community","query":"","ip":"::1","user-agent":"apifox/1.4.21 (https://www.apifox.cn)","errors":"","cost":0}
{"level":"INFO","time":"2022-05-21T17:16:28.938+0800","caller":"logger/logger.go:87","msg":"/api/v1/login","status":200,"method":"POST","path":"/api/v1/login","query":"","ip":"::1","user-agent":"apifox/1.4.21 (https://www.apifox.cn)","errors":"","cost":0.0009766}
{"level":"INFO","time":"2022-05-21T17:17:21.651+0800","caller":"logger/logger.go:87","msg":"/api/v1/community","status":200,"method":"GET","path":"/api/v1/community","query":"","ip":"::1","user-agent":"apifox/1.4.21 (https://www.apifox.cn)","errors":"","cost":0}
{"level":"INFO","time":"2022-05-21T17:19:14.028+0800","caller":"logger/logger.go:87","msg":"/api/v1/community","status":200,"method":"GET","path":"/api/v1/community","query":"","ip":"::1","user-agent":"apifox/1.4.21 (https://www.apifox.cn)","errors":"","cost":0}
{"level":"INFO","time":"2022-05-21T17:19:18.240+0800","caller":"logger/logger.go:87","msg":"/api/v1/community/1","status":404,"method":"GET","path":"/api/v1/community/1","query":"","ip":"::1","user-agent":"apifox/1.4.21 (https://www.apifox.cn)","errors":"","cost":0}
{"level":"INFO","time":"2022-05-21T17:20:20.778+0800","caller":"logger/logger.go:87","msg":"/api/v1/community/1","status":404,"method":"GET","path":"/api/v1/community/1","query":"","ip":"::1","user-agent":"apifox/1.4.21 (https://www.apifox.cn)","errors":"","cost":0}
{"level":"INFO","time":"2022-05-21T17:20:48.631+0800","caller":"bluebell/main.go:83","msg":"Shutdown Server ..."}
{"level":"INFO","time":"2022-05-21T17:21:00.185+0800","caller":"logger/logger.go:87","msg":"/api/v1/community","status":200,"method":"GET","path":"/api/v1/community","query":"","ip":"::1","user-agent":"apifox/1.4.21 (https://www.apifox.cn)","errors":"","cost":0}
{"level":"INFO","time":"2022-05-21T17:21:28.625+0800","caller":"logger/logger.go:87","msg":"/api/v1/login","status":200,"method":"POST","path":"/api/v1/login","query":"","ip":"::1","user-agent":"apifox/1.4.21 (https://www.apifox.cn)","errors":"","cost":0.0020865}
{"level":"INFO","time":"2022-05-21T17:22:12.654+0800","caller":"logger/logger.go:87","msg":"/api/v1/community","status":200,"method":"GET","path":"/api/v1/community","query":"","ip":"::1","user-agent":"apifox/1.4.21 (https://www.apifox.cn)","errors":"","cost":0.0024716}
{"level":"INFO","time":"2022-05-21T17:22:16.761+0800","caller":"logger/logger.go:87","msg":"/api/v1/community/1","status":200,"method":"GET","path":"/api/v1/community/1","query":"","ip":"::1","user-agent":"apifox/1.4.21 (https://www.apifox.cn)","errors":"","cost":0.0014769}
{"level":"INFO","time":"2022-05-21T17:23:02.166+0800","caller":"logger/logger.go:87","msg":"/api/v1/post","status":200,"method":"POST","path":"/api/v1/post","query":"","ip":"::1","user-agent":"apifox/1.4.21 (https://www.apifox.cn)","errors":"","cost":0}
{"level":"INFO","time":"2022-05-21T17:23:21.628+0800","caller":"logger/logger.go:87","msg":"/api/v1/community","status":200,"method":"GET","path":"/api/v1/community","query":"","ip":"::1","user-agent":"apifox/1.4.21 (https://www.apifox.cn)","errors":"","cost":0}
{"level":"INFO","time":"2022-05-21T17:28:20.652+0800","caller":"bluebell/main.go:83","msg":"Shutdown Server ..."}
{"level":"INFO","time":"2022-05-21T17:29:14.384+0800","caller":"logger/logger.go:87","msg":"/api/v1/community","status":200,"method":"GET","path":"/api/v1/community","query":"","ip":"::1","user-agent":"apifox/1.4.21 (https://www.apifox.cn)","errors":"","cost":0}
{"level":"INFO","time":"2022-05-21T17:29:46.760+0800","caller":"logger/logger.go:87","msg":"/api/v1/login","status":200,"method":"POST","path":"/api/v1/login","query":"","ip":"::1","user-agent":"apifox/1.4.21 (https://www.apifox.cn)","errors":"","cost":0.0141392}
{"level":"INFO","time":"2022-05-21T17:30:34.443+0800","caller":"logger/logger.go:87","msg":"/api/v1/community","status":200,"method":"GET","path":"/api/v1/community","query":"","ip":"::1","user-agent":"apifox/1.4.21 (https://www.apifox.cn)","errors":"","cost":0}
{"level":"INFO","time":"2022-05-21T17:30:39.728+0800","caller":"logger/logger.go:87","msg":"/api/v1/community","status":200,"method":"GET","path":"/api/v1/community","query":"","ip":"::1","user-agent":"apifox/1.4.21 (https://www.apifox.cn)","errors":"","cost":0}
{"level":"INFO","time":"2022-05-21T17:31:15.847+0800","caller":"logger/logger.go:87","msg":"/api/v1/login","status":200,"method":"POST","path":"/api/v1/login","query":"","ip":"::1","user-agent":"apifox/1.4.21 (https://www.apifox.cn)","errors":"","cost":0.0009085}
{"level":"INFO","time":"2022-05-21T17:31:48.869+0800","caller":"logger/logger.go:87","msg":"/api/v1/community","status":200,"method":"GET","path":"/api/v1/community","query":"","ip":"::1","user-agent":"apifox/1.4.21 (https://www.apifox.cn)","errors":"","cost":0.0135462}
{"level":"INFO","time":"2022-05-21T17:31:53.176+0800","caller":"logger/logger.go:87","msg":"/api/v1/community/1","status":200,"method":"GET","path":"/api/v1/community/1","query":"","ip":"::1","user-agent":"apifox/1.4.21 (https://www.apifox.cn)","errors":"","cost":0.000982}
{"level":"INFO","time":"2022-05-21T17:33:22.177+0800","caller":"logger/logger.go:87","msg":"/api/v1/post","status":200,"method":"POST","path":"/api/v1/post","query":"","ip":"::1","user-agent":"apifox/1.4.21 (https://www.apifox.cn)","errors":"","cost":0}
{"level":"INFO","time":"2022-05-21T17:33:40.052+0800","caller":"logger/logger.go:87","msg":"/api/v1/post","status":200,"method":"POST","path":"/api/v1/post","query":"","ip":"::1","user-agent":"apifox/1.4.21 (https://www.apifox.cn)","errors":"","cost":0.0011331}
{"level":"INFO","time":"2022-05-21T17:35:13.275+0800","caller":"logger/logger.go:87","msg":"/api/v1/post","status":200,"method":"POST","path":"/api/v1/post","query":"","ip":"::1","user-agent":"apifox/1.4.21 (https://www.apifox.cn)","errors":"","cost":0}
{"level":"INFO","time":"2022-05-21T17:35:41.102+0800","caller":"logger/logger.go:87","msg":"/api/v1/community","status":200,"method":"GET","path":"/api/v1/community","query":"","ip":"::1","user-agent":"apifox/1.4.21 (https://www.apifox.cn)","errors":"","cost":0}
{"level":"INFO","time":"2022-05-21T17:36:27.762+0800","caller":"logger/logger.go:87","msg":"/api/v1/community","status":200,"method":"GET","path":"/api/v1/community","query":"","ip":"::1","user-agent":"apifox/1.4.21 (https://www.apifox.cn)","errors":"","cost":0}
{"level":"INFO","time":"2022-05-21T17:47:16.650+0800","caller":"bluebell/main.go:83","msg":"Shutdown Server ..."}
{"level":"INFO","time":"2022-05-21T17:47:28.489+0800","caller":"logger/logger.go:87","msg":"/api/v1/login","status":200,"method":"POST","path":"/api/v1/login","query":"","ip":"::1","user-agent":"PostmanRuntime/7.29.0","errors":"","cost":0.0009148}
{"level":"INFO","time":"2022-05-21T17:48:07.152+0800","caller":"logger/logger.go:87","msg":"/api/v1/community","status":200,"method":"GET","path":"/api/v1/community","query":"","ip":"::1","user-agent":"PostmanRuntime/7.29.0","errors":"","cost":0.0018915}
{"level":"INFO","time":"2022-05-21T17:48:10.965+0800","caller":"logger/logger.go:87","msg":"/api/v1/community/1","status":200,"method":"GET","path":"/api/v1/community/1","query":"","ip":"::1","user-agent":"PostmanRuntime/7.29.0","errors":"","cost":0.00119}
{"level":"INFO","time":"2022-05-21T17:48:59.967+0800","caller":"logger/logger.go:87","msg":"/api/v1/post","status":200,"method":"POST","path":"/api/v1/post","query":"","ip":"::1","user-agent":"PostmanRuntime/7.29.0","errors":"","cost":0.0008824}
{"level":"INFO","time":"2022-05-21T17:51:14.244+0800","caller":"logger/logger.go:87","msg":"/api/v1/post","status":200,"method":"POST","path":"/api/v1/post","query":"","ip":"::1","user-agent":"PostmanRuntime/7.29.0","errors":"","cost":0.0060207}
{"level":"INFO","time":"2022-05-21T17:54:00.745+0800","caller":"logger/logger.go:87","msg":"/api/v1/community","status":404,"method":"POST","path":"/api/v1/community","query":"","ip":"::1","user-agent":"apifox/1.4.21 (https://www.apifox.cn)","errors":"","cost":0}
{"level":"INFO","time":"2022-05-21T17:54:24.953+0800","caller":"logger/logger.go:87","msg":"/api/v1/community","status":200,"method":"GET","path":"/api/v1/community","query":"","ip":"::1","user-agent":"apifox/1.4.21 (https://www.apifox.cn)","errors":"","cost":0.0005345}
{"level":"INFO","time":"2022-05-21T17:54:51.813+0800","caller":"logger/logger.go:87","msg":"/api/v1/post","status":200,"method":"POST","path":"/api/v1/post","query":"","ip":"::1","user-agent":"apifox/1.4.21 (https://www.apifox.cn)","errors":"","cost":0}
{"level":"INFO","time":"2022-05-21T17:55:08.715+0800","caller":"logger/logger.go:87","msg":"/api/v1/post","status":200,"method":"POST","path":"/api/v1/post","query":"","ip":"::1","user-agent":"PostmanRuntime/7.29.0","errors":"","cost":0.001905}
{"level":"INFO","time":"2022-05-21T17:55:11.033+0800","caller":"logger/logger.go:87","msg":"/api/v1/post","status":200,"method":"POST","path":"/api/v1/post","query":"","ip":"::1","user-agent":"PostmanRuntime/7.29.0","errors":"","cost":0.0018219}
{"level":"INFO","time":"2022-05-21T17:59:21.345+0800","caller":"bluebell/main.go:83","msg":"Shutdown Server ..."}
{"level":"ERROR","time":"2022-05-21T18:20:03.245+0800","caller":"controllers/vote.go:36","msg":"logic.VoteForPost() failed","error":"投票时间已过"}
{"level":"INFO","time":"2022-05-21T18:20:03.247+0800","caller":"logger/logger.go:87","msg":"/api/v1/vote","status":200,"method":"POST","path":"/api/v1/vote","query":"","ip":"::1","user-agent":"PostmanRuntime/7.29.0","errors":"","cost":0.0029605}
{"level":"INFO","time":"2022-05-21T18:20:43.939+0800","caller":"logger/logger.go:87","msg":"/api/v1/post","status":200,"method":"POST","path":"/api/v1/post","query":"","ip":"::1","user-agent":"PostmanRuntime/7.29.0","errors":"","cost":0.003254}
{"level":"ERROR","time":"2022-05-21T18:21:12.049+0800","caller":"controllers/vote.go:36","msg":"logic.VoteForPost() failed","error":"投票时间已过"}
{"level":"INFO","time":"2022-05-21T18:21:12.050+0800","caller":"logger/logger.go:87","msg":"/api/v1/vote","status":200,"method":"POST","path":"/api/v1/vote","query":"","ip":"::1","user-agent":"PostmanRuntime/7.29.0","errors":"","cost":0.0032827}
{"level":"INFO","time":"2022-05-21T18:21:53.418+0800","caller":"logger/logger.go:87","msg":"/api/v1/votes","status":404,"method":"GET","path":"/api/v1/votes","query":"","ip":"::1","user-agent":"PostmanRuntime/7.29.0","errors":"","cost":0}
{"level":"INFO","time":"2022-05-21T18:22:14.261+0800","caller":"logger/logger.go:87","msg":"/api/v1/posts","status":404,"method":"GET","path":"/api/v1/posts","query":"","ip":"::1","user-agent":"PostmanRuntime/7.29.0","errors":"","cost":0}
{"level":"INFO","time":"2022-05-21T18:23:03.312+0800","caller":"bluebell/main.go:83","msg":"Shutdown Server ..."}
{"level":"ERROR","time":"2022-05-21T18:23:18.481+0800","caller":"controllers/post.go:68","msg":"logic.GetPostList() failed","error":"Error 1054: Unknown column 'auther_id' in 'field list'"}
{"level":"INFO","time":"2022-05-21T18:23:18.482+0800","caller":"logger/logger.go:87","msg":"/api/v1/posts","status":200,"method":"GET","path":"/api/v1/posts","query":"","ip":"::1","user-agent":"PostmanRuntime/7.29.0","errors":"","cost":0.0030008}
{"level":"ERROR","time":"2022-05-21T18:29:10.260+0800","caller":"controllers/post.go:68","msg":"logic.GetPostList() failed","error":"Error 1054: Unknown column 'auther_id' in 'field list'"}
{"level":"INFO","time":"2022-05-21T18:29:10.260+0800","caller":"logger/logger.go:87","msg":"/api/v1/posts","status":200,"method":"GET","path":"/api/v1/posts","query":"","ip":"::1","user-agent":"PostmanRuntime/7.29.0","errors":"","cost":0.0010052}
{"level":"INFO","time":"2022-05-21T18:32:42.508+0800","caller":"bluebell/main.go:83","msg":"Shutdown Server ..."}
{"level":"ERROR","time":"2022-05-21T18:32:50.977+0800","caller":"controllers/post.go:68","msg":"logic.GetPostList() failed","error":"Error 1054: Unknown column 'auther_id' in 'field list'"}
{"level":"INFO","time":"2022-05-21T18:32:50.978+0800","caller":"logger/logger.go:87","msg":"/api/v1/posts","status":200,"method":"GET","path":"/api/v1/posts","query":"","ip":"::1","user-agent":"PostmanRuntime/7.29.0","errors":"","cost":0.0027487}
{"level":"ERROR","time":"2022-05-21T18:33:07.931+0800","caller":"controllers/post.go:68","msg":"logic.GetPostList() failed","error":"Error 1054: Unknown column 'auther_id' in 'field list'"}
{"level":"INFO","time":"2022-05-21T18:33:07.931+0800","caller":"logger/logger.go:87","msg":"/api/v1/posts","status":200,"method":"GET","path":"/api/v1/posts","query":"","ip":"::1","user-agent":"PostmanRuntime/7.29.0","errors":"","cost":0.0007578}
{"level":"ERROR","time":"2022-05-21T18:34:41.271+0800","caller":"controllers/post.go:68","msg":"logic.GetPostList() failed","error":"Error 1054: Unknown column 'auther_id' in 'field list'"}
{"level":"INFO","time":"2022-05-21T18:34:41.271+0800","caller":"logger/logger.go:87","msg":"/api/v1/posts","status":200,"method":"GET","path":"/api/v1/posts","query":"","ip":"::1","user-agent":"PostmanRuntime/7.29.0","errors":"","cost":0.0011153}
{"level":"ERROR","time":"2022-05-21T18:34:47.242+0800","caller":"controllers/vote.go:36","msg":"logic.VoteForPost() failed","error":"投票时间已过"}
{"level":"INFO","time":"2022-05-21T18:34:47.242+0800","caller":"logger/logger.go:87","msg":"/api/v1/vote","status":200,"method":"POST","path":"/api/v1/vote","query":"","ip":"::1","user-agent":"PostmanRuntime/7.29.0","errors":"","cost":0.0020706}
{"level":"INFO","time":"2022-05-21T18:34:52.304+0800","caller":"logger/logger.go:87","msg":"/api/v1/post","status":200,"method":"POST","path":"/api/v1/post","query":"","ip":"::1","user-agent":"PostmanRuntime/7.29.0","errors":"","cost":0.0031267}
{"level":"INFO","time":"2022-05-21T18:37:05.865+0800","caller":"bluebell/main.go:83","msg":"Shutdown Server ..."}
{"level":"ERROR","time":"2022-05-21T18:37:16.867+0800","caller":"controllers/post.go:68","msg":"logic.GetPostList() failed","error":"Error 1054: Unknown column 'auther_id' in 'field list'"}
{"level":"INFO","time":"2022-05-21T18:37:16.869+0800","caller":"logger/logger.go:87","msg":"/api/v1/posts","status":200,"method":"GET","path":"/api/v1/posts","query":"","ip":"::1","user-agent":"PostmanRuntime/7.29.0","errors":"","cost":0.0028161}
{"level":"ERROR","time":"2022-05-21T18:37:20.593+0800","caller":"controllers/vote.go:36","msg":"logic.VoteForPost() failed","error":"投票时间已过"}
{"level":"INFO","time":"2022-05-21T18:37:20.593+0800","caller":"logger/logger.go:87","msg":"/api/v1/vote","status":200,"method":"POST","path":"/api/v1/vote","query":"","ip":"::1","user-agent":"PostmanRuntime/7.29.0","errors":"","cost":0.0024734}
{"level":"ERROR","time":"2022-05-21T18:39:01.238+0800","caller":"controllers/post.go:68","msg":"logic.GetPostList() failed","error":"Error 1054: Unknown column 'auther_id' in 'field list'"}
{"level":"INFO","time":"2022-05-21T18:39:01.239+0800","caller":"logger/logger.go:87","msg":"/api/v1/posts","status":200,"method":"GET","path":"/api/v1/posts","query":"","ip":"::1","user-agent":"PostmanRuntime/7.29.0","errors":"","cost":0.0010701}
{"level":"INFO","time":"2022-05-21T18:44:11.007+0800","caller":"bluebell/main.go:83","msg":"Shutdown Server ..."}
{"level":"INFO","time":"2022-05-21T18:44:21.105+0800","caller":"logger/logger.go:87","msg":"/api/v1/posts","status":200,"method":"GET","path":"/api/v1/posts","query":"","ip":"::1","user-agent":"PostmanRuntime/7.29.0","errors":"","cost":0.0075947}
{"level":"ERROR","time":"2022-05-21T18:46:13.698+0800","caller":"controllers/vote.go:36","msg":"logic.VoteForPost() failed","error":"投票时间已过"}
{"level":"INFO","time":"2022-05-21T18:46:13.698+0800","caller":"logger/logger.go:87","msg":"/api/v1/vote","status":200,"method":"POST","path":"/api/v1/vote","query":"","ip":"::1","user-agent":"PostmanRuntime/7.29.0","errors":"","cost":0.0013483}
{"level":"INFO","time":"2022-05-21T18:46:48.116+0800","caller":"bluebell/main.go:83","msg":"Shutdown Server ..."}
{"level":"INFO","time":"2022-05-21T18:55:45.149+0800","caller":"logger/logger.go:87","msg":"/api/v1/post","status":200,"method":"POST","path":"/api/v1/post","query":"","ip":"::1","user-agent":"PostmanRuntime/7.29.0","errors":"","cost":0.0050325}
{"level":"INFO","time":"2022-05-21T18:55:51.356+0800","caller":"logger/logger.go:87","msg":"/api/v1/posts","status":200,"method":"GET","path":"/api/v1/posts","query":"","ip":"::1","user-agent":"PostmanRuntime/7.29.0","errors":"","cost":0.0055117}
{"level":"INFO","time":"2022-05-21T18:56:21.876+0800","caller":"logger/logger.go:87","msg":"/api/v1/vote","status":200,"method":"POST","path":"/api/v1/vote","query":"","ip":"::1","user-agent":"PostmanRuntime/7.29.0","errors":"","cost":0.0015292}
{"level":"INFO","time":"2022-05-21T19:01:59.196+0800","caller":"logger/logger.go:87","msg":"/api/v1/vote","status":200,"method":"POST","path":"/api/v1/vote","query":"","ip":"::1","user-agent":"PostmanRuntime/7.29.0","errors":"","cost":0.0041966}
{"level":"ERROR","time":"2022-05-21T19:02:01.335+0800","caller":"controllers/vote.go:36","msg":"logic.VoteForPost() failed","error":"不允许重复投票"}
{"level":"INFO","time":"2022-05-21T19:02:01.335+0800","caller":"logger/logger.go:87","msg":"/api/v1/vote","status":200,"method":"POST","path":"/api/v1/vote","query":"","ip":"::1","user-agent":"PostmanRuntime/7.29.0","errors":"","cost":0.0029874}
{"level":"ERROR","time":"2022-05-21T19:02:01.794+0800","caller":"controllers/vote.go:36","msg":"logic.VoteForPost() failed","error":"不允许重复投票"}
{"level":"INFO","time":"2022-05-21T19:02:01.794+0800","caller":"logger/logger.go:87","msg":"/api/v1/vote","status":200,"method":"POST","path":"/api/v1/vote","query":"","ip":"::1","user-agent":"PostmanRuntime/7.29.0","errors":"","cost":0.0009626}
{"level":"ERROR","time":"2022-05-21T19:02:39.524+0800","caller":"controllers/vote.go:36","msg":"logic.VoteForPost() failed","error":"不允许重复投票"}
{"level":"INFO","time":"2022-05-21T19:02:39.524+0800","caller":"logger/logger.go:87","msg":"/api/v1/vote","status":200,"method":"POST","path":"/api/v1/vote","query":"","ip":"::1","user-agent":"PostmanRuntime/7.29.0","errors":"","cost":0.0038624}
{"level":"INFO","time":"2022-05-21T19:02:42.462+0800","caller":"logger/logger.go:87","msg":"/api/v1/vote","status":200,"method":"POST","path":"/api/v1/vote","query":"","ip":"::1","user-agent":"PostmanRuntime/7.29.0","errors":"","cost":0.0020006}
{"level":"ERROR","time":"2022-05-21T19:02:44.177+0800","caller":"controllers/vote.go:36","msg":"logic.VoteForPost() failed","error":"不允许重复投票"}
{"level":"INFO","time":"2022-05-21T19:02:44.178+0800","caller":"logger/logger.go:87","msg":"/api/v1/vote","status":200,"method":"POST","path":"/api/v1/vote","query":"","ip":"::1","user-agent":"PostmanRuntime/7.29.0","errors":"","cost":0.0024511}
{"level":"ERROR","time":"2022-05-21T19:02:44.624+0800","caller":"controllers/vote.go:36","msg":"logic.VoteForPost() failed","error":"不允许重复投票"}
{"level":"INFO","time":"2022-05-21T19:02:44.624+0800","caller":"logger/logger.go:87","msg":"/api/v1/vote","status":200,"method":"POST","path":"/api/v1/vote","query":"","ip":"::1","user-agent":"PostmanRuntime/7.29.0","errors":"","cost":0.002132}
{"level":"INFO","time":"2022-05-21T19:02:58.593+0800","caller":"logger/logger.go:87","msg":"/api/v1/vote","status":200,"method":"POST","path":"/api/v1/vote","query":"","ip":"::1","user-agent":"PostmanRuntime/7.29.0","errors":"","cost":0.0009758}
{"level":"INFO","time":"2022-05-21T19:04:56.106+0800","caller":"bluebell/main.go:83","msg":"Shutdown Server ..."}
